<?xml version="1.0" encoding="UTF-8"?>
<!-- Generated by org.testng.reporters.JUnitReportReporter -->
<testsuite hostname="Venkat-Lappy" failures="0" tests="9" name="dsAlgo.Pages.Test.ArrayPageTest" time="106.701" errors="0" timestamp="2022-05-06T06:54:06 EDT" skipped="0">
  <testcase classname="dsAlgo.Pages.Test.ArrayPageTest" name="verifyTitleTest" time="10.463"/>
  <system-out/>
  <testcase classname="dsAlgo.Pages.Test.ArrayPageTest" name="getTitleArrayinpythonTest" time="11.687"/>
  <system-out/>
  <testcase classname="dsAlgo.Pages.Test.ArrayPageTest" name="ArraysinPythonRunTest" time="12.246"/>
  <system-out/>
  <testcase classname="dsAlgo.Pages.Test.ArrayPageTest" name="getTitleArrayusingListTest" time="10.011"/>
  <system-out/>
  <testcase classname="dsAlgo.Pages.Test.ArrayPageTest" name="ArraysusingListRunTest" time="12.825"/>
  <system-out/>
  <testcase classname="dsAlgo.Pages.Test.ArrayPageTest" name="getTitleBasicOperationsinListTest" time="10.123"/>
  <system-out/>
  <testcase classname="dsAlgo.Pages.Test.ArrayPageTest" name="BasicOperationsinListRunTest" time="12.587"/>
  <system-out/>
  <testcase classname="dsAlgo.Pages.Test.ArrayPageTest" name="getTitleApplicationsofArrayTest" time="14.096"/>
  <system-out/>
  <testcase classname="dsAlgo.Pages.Test.ArrayPageTest" name="ApplicationsofArrayRunTest" time="12.663"/>
  <system-out/>
</testsuite> <!-- dsAlgo.Pages.Test.ArrayPageTest -->
