<?xml version="1.0" encoding="UTF-8"?>
<!-- Generated by org.testng.reporters.JUnitReportReporter -->
<testsuite hostname="Venkat-Lappy" failures="0" tests="3" name="dsAlgo.Pages.Test.GraphPageTest" time="34.596" errors="0" timestamp="2022-05-06T06:54:06 EDT" skipped="0">
  <testcase classname="dsAlgo.Pages.Test.GraphPageTest" name="verifyTitleTest" time="11.281"/>
  <system-out/>
  <testcase classname="dsAlgo.Pages.Test.GraphPageTest" name="graphElementRunTest" time="11.571"/>
  <system-out/>
  <testcase classname="dsAlgo.Pages.Test.GraphPageTest" name="graphRepresentationsRunTest" time="11.744"/>
  <system-out/>
</testsuite> <!-- dsAlgo.Pages.Test.GraphPageTest -->
