<?xml version="1.0" encoding="UTF-8"?>
<!-- Generated by org.testng.reporters.JUnitReportReporter -->
<testsuite hostname="Venkat-Lappy" failures="0" tests="2" name="dsAlgo.Pages.Test.DataStructurePageTest" time="21.279" errors="0" timestamp="2022-05-06T06:54:06 EDT" skipped="0">
  <testcase classname="dsAlgo.Pages.Test.DataStructurePageTest" name="verifyTitleTest" time="9.008"/>
  <system-out/>
  <testcase classname="dsAlgo.Pages.Test.DataStructurePageTest" name="dataStructureTest" time="12.271"/>
  <system-out/>
</testsuite> <!-- dsAlgo.Pages.Test.DataStructurePageTest -->
