<?xml version="1.0" encoding="UTF-8"?>
<!-- Generated by org.testng.reporters.JUnitReportReporter -->
<testsuite hostname="Venkat-Lappy" failures="0" tests="4" name="dsAlgo.Pages.Test.StackPageTest" time="39.478" errors="0" timestamp="2022-05-06T06:54:06 EDT" skipped="0">
  <testcase classname="dsAlgo.Pages.Test.StackPageTest" name="verifyTitleTest" time="6.465"/>
  <system-out/>
  <testcase classname="dsAlgo.Pages.Test.StackPageTest" name="operationsinStackRunTest" time="11.974"/>
  <system-out/>
  <testcase classname="dsAlgo.Pages.Test.StackPageTest" name="implementationRunTest" time="9.802"/>
  <system-out/>
  <testcase classname="dsAlgo.Pages.Test.StackPageTest" name="applicationsRunTest" time="11.237"/>
  <system-out/>
</testsuite> <!-- dsAlgo.Pages.Test.StackPageTest -->
