<?xml version="1.0" encoding="UTF-8"?>
<!-- Generated by org.testng.reporters.JUnitReportReporter -->
<testsuite hostname="Venkat-Lappy" failures="0" tests="8" name="dsAlgo.Pages.Test.HomePageTest" time="71.656" errors="0" timestamp="2022-05-06T06:54:06 EDT" skipped="0">
  <testcase classname="dsAlgo.Pages.Test.HomePageTest" name="ValidateTextTest" time="8.291"/>
  <system-out/>
  <testcase classname="dsAlgo.Pages.Test.HomePageTest" name="clickonDataStructuresPage" time="9.444"/>
  <system-out/>
  <testcase classname="dsAlgo.Pages.Test.HomePageTest" name="clickonArrayPage" time="9.085"/>
  <system-out/>
  <testcase classname="dsAlgo.Pages.Test.HomePageTest" name="clickonLinkedListPage" time="8.881"/>
  <system-out/>
  <testcase classname="dsAlgo.Pages.Test.HomePageTest" name="clickonStackPage" time="8.986"/>
  <system-out/>
  <testcase classname="dsAlgo.Pages.Test.HomePageTest" name="clickonQueuePage" time="9.184"/>
  <system-out/>
  <testcase classname="dsAlgo.Pages.Test.HomePageTest" name="clickonGraphPage" time="9.008"/>
  <system-out/>
  <testcase classname="dsAlgo.Pages.Test.HomePageTest" name="clickonTreePage" time="8.777"/>
  <system-out/>
</testsuite> <!-- dsAlgo.Pages.Test.HomePageTest -->
