<?xml version="1.0" encoding="UTF-8"?>
<!-- Generated by org.testng.reporters.JUnitReportReporter -->
<testsuite hostname="Venkat-Lappy" failures="0" tests="5" name="dsAlgo.Pages.Test.QueuePageTest" time="38.376" errors="0" timestamp="2022-05-06T06:54:06 EDT" skipped="0">
  <testcase classname="dsAlgo.Pages.Test.QueuePageTest" name="verifyTitleTest" time="6.763"/>
  <system-out/>
  <testcase classname="dsAlgo.Pages.Test.QueuePageTest" name="ImplementationofQueueinPythonRunTest" time="8.185"/>
  <system-out/>
  <testcase classname="dsAlgo.Pages.Test.QueuePageTest" name="ImplementationusingcollectionsRunTest" time="7.694"/>
  <system-out/>
  <testcase classname="dsAlgo.Pages.Test.QueuePageTest" name="ImplementationusingarrayRunTest" time="8.018"/>
  <system-out/>
  <testcase classname="dsAlgo.Pages.Test.QueuePageTest" name="queueOperationsRunTest" time="7.716"/>
  <system-out/>
</testsuite> <!-- dsAlgo.Pages.Test.QueuePageTest -->
