<?xml version="1.0" encoding="UTF-8"?>
<!-- Generated by org.testng.reporters.JUnitReportReporter -->
<testsuite hostname="Venkat-Lappy" failures="0" tests="2" name="dsAlgo.Pages.Test.SigninPageTest" time="10.758" errors="0" timestamp="2022-05-06T06:54:06 EDT" skipped="0">
  <testcase classname="dsAlgo.Pages.Test.SigninPageTest" name="ValidateTextTest" time="5.092"/>
  <system-out/>
  <testcase classname="dsAlgo.Pages.Test.SigninPageTest" name="SigninPageTest" time="5.666"/>
  <system-out/>
</testsuite> <!-- dsAlgo.Pages.Test.SigninPageTest -->
