<?xml version="1.0" encoding="UTF-8"?>
<!-- Generated by org.testng.reporters.JUnitReportReporter -->
<testsuite hostname="Venkat-Lappy" failures="0" tests="2" name="dsAlgo.Pages.Test.SigninPageTest" time="13.452" errors="0" timestamp="2022-03-12T14:26:49 EST" skipped="0">
  <testcase classname="dsAlgo.Pages.Test.SigninPageTest" name="SigninPageTest" time="7.807"/>
  <system-out/>
  <testcase classname="dsAlgo.Pages.Test.SigninPageTest" name="ValidateTextTest" time="5.645"/>
  <system-out/>
</testsuite> <!-- dsAlgo.Pages.Test.SigninPageTest -->
