<?xml version="1.0" encoding="UTF-8"?>
<!-- Generated by org.testng.reporters.JUnitReportReporter -->
<testsuite hostname="Venkat-Lappy" failures="0" tests="8" name="dsAlgo.Pages.Test.HomePageTest" time="77.104" errors="0" timestamp="2022-03-12T14:26:49 EST" skipped="0">
  <testcase classname="dsAlgo.Pages.Test.HomePageTest" name="clickonLinkedListPage" time="10.271"/>
  <system-out/>
  <testcase classname="dsAlgo.Pages.Test.HomePageTest" name="clickonTreePage" time="9.103"/>
  <system-out/>
  <testcase classname="dsAlgo.Pages.Test.HomePageTest" name="clickonGraphPage" time="8.395"/>
  <system-out/>
  <testcase classname="dsAlgo.Pages.Test.HomePageTest" name="clickonQueuePage" time="8.758"/>
  <system-out/>
  <testcase classname="dsAlgo.Pages.Test.HomePageTest" name="clickonArrayPage" time="14.648"/>
  <system-out/>
  <testcase classname="dsAlgo.Pages.Test.HomePageTest" name="clickonStackPage" time="9.049"/>
  <system-out/>
  <testcase classname="dsAlgo.Pages.Test.HomePageTest" name="clickonDataStructuresPage" time="8.427"/>
  <system-out/>
  <testcase classname="dsAlgo.Pages.Test.HomePageTest" name="ValidateTextTest" time="8.453"/>
  <system-out/>
</testsuite> <!-- dsAlgo.Pages.Test.HomePageTest -->
